{"/Users/saivaruntangalla/Desktop/sally/my-coding-repo/temperature-converter/node-app/server.js": {"path":"/Users/saivaruntangalla/Desktop/sally/my-coding-repo/temperature-converter/node-app/server.js","statementMap":{"0":{"start":{"line":1,"column":16},"end":{"line":1,"column":34}},"1":{"start":{"line":2,"column":12},"end":{"line":2,"column":21}},"2":{"start":{"line":3,"column":13},"end":{"line":3,"column":17}},"3":{"start":{"line":5,"column":0},"end":{"line":5,"column":24}},"4":{"start":{"line":6,"column":0},"end":{"line":6,"column":34}},"5":{"start":{"line":9,"column":27},"end":{"line":43,"column":1}},"6":{"start":{"line":13,"column":2},"end":{"line":28,"column":3}},"7":{"start":{"line":15,"column":6},"end":{"line":15,"column":28}},"8":{"start":{"line":16,"column":6},"end":{"line":16,"column":12}},"9":{"start":{"line":18,"column":6},"end":{"line":18,"column":45}},"10":{"start":{"line":19,"column":6},"end":{"line":19,"column":12}},"11":{"start":{"line":21,"column":6},"end":{"line":21,"column":37}},"12":{"start":{"line":22,"column":6},"end":{"line":22,"column":12}},"13":{"start":{"line":24,"column":6},"end":{"line":24,"column":49}},"14":{"start":{"line":25,"column":6},"end":{"line":25,"column":12}},"15":{"start":{"line":27,"column":6},"end":{"line":27,"column":44}},"16":{"start":{"line":31,"column":2},"end":{"line":42,"column":3}},"17":{"start":{"line":33,"column":6},"end":{"line":33,"column":27}},"18":{"start":{"line":35,"column":6},"end":{"line":35,"column":44}},"19":{"start":{"line":37,"column":6},"end":{"line":37,"column":36}},"20":{"start":{"line":39,"column":6},"end":{"line":39,"column":48}},"21":{"start":{"line":41,"column":6},"end":{"line":41,"column":45}},"22":{"start":{"line":45,"column":23},"end":{"line":49,"column":1}},"23":{"start":{"line":46,"column":33},"end":{"line":46,"column":70}},"24":{"start":{"line":47,"column":31},"end":{"line":47,"column":66}},"25":{"start":{"line":48,"column":2},"end":{"line":48,"column":57}},"26":{"start":{"line":52,"column":22},"end":{"line":52,"column":38}},"27":{"start":{"line":55,"column":0},"end":{"line":67,"column":3}},"28":{"start":{"line":56,"column":38},"end":{"line":56,"column":46}},"29":{"start":{"line":57,"column":2},"end":{"line":59,"column":3}},"30":{"start":{"line":58,"column":4},"end":{"line":58,"column":71}},"31":{"start":{"line":61,"column":2},"end":{"line":66,"column":3}},"32":{"start":{"line":62,"column":19},"end":{"line":62,"column":62}},"33":{"start":{"line":63,"column":4},"end":{"line":63,"column":55}},"34":{"start":{"line":65,"column":4},"end":{"line":65,"column":51}},"35":{"start":{"line":71,"column":0},"end":{"line":88,"column":3}},"36":{"start":{"line":72,"column":55},"end":{"line":72,"column":63}},"37":{"start":{"line":73,"column":2},"end":{"line":75,"column":3}},"38":{"start":{"line":74,"column":4},"end":{"line":74,"column":71}},"39":{"start":{"line":77,"column":2},"end":{"line":87,"column":3}},"40":{"start":{"line":78,"column":26},"end":{"line":78,"column":69}},"41":{"start":{"line":79,"column":22},"end":{"line":79,"column":68}},"42":{"start":{"line":80,"column":33},"end":{"line":80,"column":70}},"43":{"start":{"line":81,"column":4},"end":{"line":84,"column":7}},"44":{"start":{"line":86,"column":4},"end":{"line":86,"column":51}},"45":{"start":{"line":91,"column":0},"end":{"line":91,"column":42}},"46":{"start":{"line":94,"column":0},"end":{"line":94,"column":53}},"47":{"start":{"line":97,"column":0},"end":{"line":101,"column":1}},"48":{"start":{"line":98,"column":2},"end":{"line":100,"column":5}},"49":{"start":{"line":99,"column":24},"end":{"line":99,"column":136}},"50":{"start":{"line":104,"column":0},"end":{"line":104,"column":21}},"51":{"start":{"line":111,"column":85},"end":{"line":111,"column":39894}},"52":{"start":{"line":111,"column":89},"end":{"line":111,"column":39883}}},"fnMap":{"0":{"name":"(anonymous_0)","decl":{"start":{"line":9,"column":27},"end":{"line":9,"column":28}},"loc":{"start":{"line":9,"column":56},"end":{"line":43,"column":1}},"line":9},"1":{"name":"(anonymous_1)","decl":{"start":{"line":45,"column":23},"end":{"line":45,"column":24}},"loc":{"start":{"line":45,"column":59},"end":{"line":49,"column":1}},"line":45},"2":{"name":"(anonymous_2)","decl":{"start":{"line":55,"column":35},"end":{"line":55,"column":36}},"loc":{"start":{"line":55,"column":49},"end":{"line":67,"column":1}},"line":55},"3":{"name":"(anonymous_3)","decl":{"start":{"line":71,"column":40},"end":{"line":71,"column":41}},"loc":{"start":{"line":71,"column":54},"end":{"line":88,"column":1}},"line":71},"4":{"name":"(anonymous_4)","decl":{"start":{"line":98,"column":19},"end":{"line":98,"column":20}},"loc":{"start":{"line":98,"column":25},"end":{"line":100,"column":3}},"line":98},"5":{"name":"oo_cm","decl":{"start":{"line":111,"column":77},"end":{"line":111,"column":82}},"loc":{"start":{"line":111,"column":84},"end":{"line":111,"column":39895}},"line":111}},"branchMap":{"0":{"loc":{"start":{"line":13,"column":2},"end":{"line":28,"column":3}},"type":"switch","locations":[{"start":{"line":14,"column":4},"end":{"line":16,"column":12}},{"start":{"line":17,"column":4},"end":{"line":19,"column":12}},{"start":{"line":20,"column":4},"end":{"line":22,"column":12}},{"start":{"line":23,"column":4},"end":{"line":25,"column":12}},{"start":{"line":26,"column":4},"end":{"line":27,"column":44}}],"line":13},"1":{"loc":{"start":{"line":31,"column":2},"end":{"line":42,"column":3}},"type":"switch","locations":[{"start":{"line":32,"column":4},"end":{"line":33,"column":27}},{"start":{"line":34,"column":4},"end":{"line":35,"column":44}},{"start":{"line":36,"column":4},"end":{"line":37,"column":36}},{"start":{"line":38,"column":4},"end":{"line":39,"column":48}},{"start":{"line":40,"column":4},"end":{"line":41,"column":45}}],"line":31},"2":{"loc":{"start":{"line":57,"column":2},"end":{"line":59,"column":3}},"type":"if","locations":[{"start":{"line":57,"column":2},"end":{"line":59,"column":3}},{"start":{},"end":{}}],"line":57},"3":{"loc":{"start":{"line":57,"column":6},"end":{"line":57,"column":55}},"type":"binary-expr","locations":[{"start":{"line":57,"column":6},"end":{"line":57,"column":31}},{"start":{"line":57,"column":35},"end":{"line":57,"column":44}},{"start":{"line":57,"column":48},"end":{"line":57,"column":55}}],"line":57},"4":{"loc":{"start":{"line":73,"column":2},"end":{"line":75,"column":3}},"type":"if","locations":[{"start":{"line":73,"column":2},"end":{"line":75,"column":3}},{"start":{},"end":{}}],"line":73},"5":{"loc":{"start":{"line":73,"column":6},"end":{"line":73,"column":94}},"type":"binary-expr","locations":[{"start":{"line":73,"column":6},"end":{"line":73,"column":41}},{"start":{"line":73,"column":45},"end":{"line":73,"column":70}},{"start":{"line":73,"column":74},"end":{"line":73,"column":83}},{"start":{"line":73,"column":87},"end":{"line":73,"column":94}}],"line":73},"6":{"loc":{"start":{"line":97,"column":0},"end":{"line":101,"column":1}},"type":"if","locations":[{"start":{"line":97,"column":0},"end":{"line":101,"column":1}},{"start":{},"end":{}}],"line":97},"7":{"loc":{"start":{"line":111,"column":96},"end":{"line":111,"column":39882}},"type":"binary-expr","locations":[{"start":{"line":111,"column":96},"end":{"line":111,"column":133}},{"start":{"line":111,"column":137},"end":{"line":111,"column":39882}}],"line":111}},"s":{"0":1,"1":1,"2":1,"3":1,"4":1,"5":1,"6":4,"7":2,"8":2,"9":1,"10":1,"11":0,"12":0,"13":0,"14":0,"15":1,"16":3,"17":1,"18":2,"19":0,"20":0,"21":0,"22":1,"23":2,"24":2,"25":2,"26":1,"27":1,"28":3,"29":3,"30":1,"31":2,"32":2,"33":1,"34":1,"35":1,"36":3,"37":3,"38":1,"39":2,"40":2,"41":2,"42":2,"43":2,"44":0,"45":1,"46":1,"47":1,"48":0,"49":0,"50":1,"51":0,"52":0},"f":{"0":4,"1":2,"2":3,"3":3,"4":0,"5":0},"b":{"0":[2,1,0,0,1],"1":[1,2,0,0,0],"2":[1,2],"3":[3,3,3],"4":[1,2],"5":[3,3,3,3],"6":[0,1],"7":[0,0]},"_coverageSchema":"1a1c01bbd47fc00a2c39e90264f33305004495a9","hash":"22ba7962205653cc92d9e47f830f47f8221283bc"}
}
