TN:
SF:server.js
FN:9,(anonymous_0)
FN:45,(anonymous_1)
FN:55,(anonymous_2)
FN:71,(anonymous_3)
FN:98,(anonymous_4)
FN:111,oo_cm
FNF:6
FNH:4
FNDA:4,(anonymous_0)
FNDA:2,(anonymous_1)
FNDA:3,(anonymous_2)
FNDA:3,(anonymous_3)
FNDA:0,(anonymous_4)
FNDA:0,oo_cm
DA:1,1
DA:2,1
DA:3,1
DA:5,1
DA:6,1
DA:9,1
DA:13,4
DA:15,2
DA:16,2
DA:18,1
DA:19,1
DA:21,0
DA:22,0
DA:24,0
DA:25,0
DA:27,1
DA:31,3
DA:33,1
DA:35,2
DA:37,0
DA:39,0
DA:41,0
DA:45,1
DA:46,2
DA:47,2
DA:48,2
DA:52,1
DA:55,1
DA:56,3
DA:57,3
DA:58,1
DA:61,2
DA:62,2
DA:63,1
DA:65,1
DA:71,1
DA:72,3
DA:73,3
DA:74,1
DA:77,2
DA:78,2
DA:79,2
DA:80,2
DA:81,2
DA:86,0
DA:91,1
DA:94,1
DA:97,1
DA:98,0
DA:99,0
DA:104,1
DA:111,0
LF:52
LH:41
BRDA:13,0,0,2
BRDA:13,0,1,1
BRDA:13,0,2,0
BRDA:13,0,3,0
BRDA:13,0,4,1
BRDA:31,1,0,1
BRDA:31,1,1,2
BRDA:31,1,2,0
BRDA:31,1,3,0
BRDA:31,1,4,0
BRDA:57,2,0,1
BRDA:57,2,1,2
BRDA:57,3,0,3
BRDA:57,3,1,3
BRDA:57,3,2,3
BRDA:73,4,0,1
BRDA:73,4,1,2
BRDA:73,5,0,3
BRDA:73,5,1,3
BRDA:73,5,2,3
BRDA:73,5,3,3
BRDA:97,6,0,0
BRDA:97,6,1,1
BRDA:111,7,0,0
BRDA:111,7,1,0
BRF:25
BRH:17
end_of_record
